app/build/outputs/logs/manifest-merger-debug-report.txt
-- Merging decision tree log ---
manifest
ADDED from src/main/AndroidManifest.xml:2:1-384:12
	package
		ADDED from src/main/AndroidManifest.xml:4:5-42
		INJECTED from src/main/AndroidManifest.xml
		INJECTED from src/main/AndroidManifest.xml
	android:versionName
		ADDED from src/main/AndroidManifest.xml:6:5-30
		INJECTED from src/main/AndroidManifest.xml
		INJECTED from src/main/AndroidManifest.xml
	xmlns:tools
		ADDED from src/main/AndroidManifest.xml:3:5-51
	android:versionCode
		ADDED from src/main/AndroidManifest.xml:5:5-28
		INJECTED from src/main/AndroidManifest.xml
		INJECTED from src/main/AndroidManifest.xml
	xmlns:android
		ADDED from src/main/AndroidManifest.xml:2:11-69
uses-sdk
ADDED from src/main/AndroidManifest.xml:8:5-10:41
MERGED from [com.umeng.wsq:umeng_community_discuss_library_project:2.6.1] AndroidManifest.xml:7:5-9:41
	android:targetSdkVersion
		ADDED from src/main/AndroidManifest.xml:10:9-38
		INJECTED from src/main/AndroidManifest.xml
		INJECTED from src/main/AndroidManifest.xml
	android:minSdkVersion
		ADDED from src/main/AndroidManifest.xml:9:9-35
		INJECTED from src/main/AndroidManifest.xml
		INJECTED from src/main/AndroidManifest.xml
uses-feature#android.hardware.camera
ADDED from src/main/AndroidManifest.xml:13:5-15:35
	android:required
		ADDED from src/main/AndroidManifest.xml:15:9-32
	android:name
		ADDED from src/main/AndroidManifest.xml:14:9-47
uses-permission#android.permission.ACCESS_NETWORK_STATE
ADDED from src/main/AndroidManifest.xml:19:5-79
	android:name
		ADDED from src/main/AndroidManifest.xml:19:22-76
uses-permission#android.permission.ACCESS_WIFI_STATE
ADDED from src/main/AndroidManifest.xml:21:5-76
	android:name
		ADDED from src/main/AndroidManifest.xml:21:22-73
uses-permission#android.permission.READ_PHONE_STATE
ADDED from src/main/AndroidManifest.xml:23:5-75
	android:name
		ADDED from src/main/AndroidManifest.xml:23:22-72
uses-permission#android.permission.WRITE_EXTERNAL_STORAGE
ADDED from src/main/AndroidManifest.xml:25:5-81
	android:name
		ADDED from src/main/AndroidManifest.xml:25:22-78
uses-permission#android.permission.INTERNET
ADDED from src/main/AndroidManifest.xml:27:5-67
	android:name
		ADDED from src/main/AndroidManifest.xml:27:22-64
uses-permission#android.permission.ACCESS_FINE_LOCATION
ADDED from src/main/AndroidManifest.xml:29:5-79
	android:name
		ADDED from src/main/AndroidManifest.xml:29:22-76
uses-permission#android.permission.ACCESS_COARSE_LOCATION
ADDED from src/main/AndroidManifest.xml:30:5-81
	android:name
		ADDED from src/main/AndroidManifest.xml:30:22-78
uses-permission#android.permission.CHANGE_WIFI_STATE
ADDED from src/main/AndroidManifest.xml:31:5-76
	android:name
		ADDED from src/main/AndroidManifest.xml:31:22-73
uses-permission#android.permission.CHANGE_CONFIGURATION
ADDED from src/main/AndroidManifest.xml:32:5-79
	android:name
		ADDED from src/main/AndroidManifest.xml:32:22-76
uses-permission#android.permission.READ_LOGS
ADDED from src/main/AndroidManifest.xml:35:5-68
	android:name
		ADDED from src/main/AndroidManifest.xml:35:22-65
uses-permission#android.permission.WAKE_LOCK
ADDED from src/main/AndroidManifest.xml:36:5-68
	android:name
		ADDED from src/main/AndroidManifest.xml:36:22-65
uses-permission#android.permission.VIBRATE
ADDED from src/main/AndroidManifest.xml:37:5-66
	android:name
		ADDED from src/main/AndroidManifest.xml:37:22-63
uses-permission#android.permission.WRITE_SETTINGS
ADDED from src/main/AndroidManifest.xml:38:5-73
	android:name
		ADDED from src/main/AndroidManifest.xml:38:22-70
uses-permission#android.permission.GET_TASKS
ADDED from src/main/AndroidManifest.xml:40:5-68
	android:name
		ADDED from src/main/AndroidManifest.xml:40:22-65
uses-permission#android.permission.CHANGE_NETWORK_STATE
ADDED from src/main/AndroidManifest.xml:42:5-79
	android:name
		ADDED from src/main/AndroidManifest.xml:42:22-76
uses-permission#android.permission.RECEIVE_BOOT_COMPLETED
ADDED from src/main/AndroidManifest.xml:44:5-81
	android:name
		ADDED from src/main/AndroidManifest.xml:44:22-78
uses-permission#android.permission.BROADCAST_PACKAGE_ADDED
ADDED from src/main/AndroidManifest.xml:58:5-82
	android:name
		ADDED from src/main/AndroidManifest.xml:58:22-79
uses-permission#android.permission.BROADCAST_PACKAGE_CHANGED
ADDED from src/main/AndroidManifest.xml:59:5-84
	android:name
		ADDED from src/main/AndroidManifest.xml:59:22-81
uses-permission#android.permission.BROADCAST_PACKAGE_INSTALL
ADDED from src/main/AndroidManifest.xml:60:5-84
	android:name
		ADDED from src/main/AndroidManifest.xml:60:22-81
uses-permission#android.permission.BROADCAST_PACKAGE_REPLACED
ADDED from src/main/AndroidManifest.xml:61:5-85
	android:name
		ADDED from src/main/AndroidManifest.xml:61:22-82
uses-permission#android.permission.RESTART_PACKAGES
ADDED from src/main/AndroidManifest.xml:62:5-75
	android:name
		ADDED from src/main/AndroidManifest.xml:62:22-72
uses-permission#android.permission.GET_ACCOUNTS
ADDED from src/main/AndroidManifest.xml:63:5-71
	android:name
		ADDED from src/main/AndroidManifest.xml:63:22-68
uses-permission#android.permission.SEND_SMS
ADDED from src/main/AndroidManifest.xml:65:5-67
	android:name
		ADDED from src/main/AndroidManifest.xml:65:22-64
uses-permission#android.permission.RECEIVE_SMS
ADDED from src/main/AndroidManifest.xml:66:5-70
	android:name
		ADDED from src/main/AndroidManifest.xml:66:22-67
uses-permission#android.permission.READ_SMS
ADDED from src/main/AndroidManifest.xml:67:5-67
	android:name
		ADDED from src/main/AndroidManifest.xml:67:22-64
application
ADDED from src/main/AndroidManifest.xml:69:5-382:19
MERGED from [com.umeng.wsq:umeng_community_discuss_library_project:2.6.1] AndroidManifest.xml:11:5-12:19
	android:label
		ADDED from src/main/AndroidManifest.xml:74:9-41
	android:hardwareAccelerated
		ADDED from src/main/AndroidManifest.xml:72:9-44
	android:allowBackup
		ADDED from src/main/AndroidManifest.xml:71:9-35
	android:icon
		ADDED from src/main/AndroidManifest.xml:73:9-48
	android:theme
		ADDED from src/main/AndroidManifest.xml:75:9-44
	tools:replace
		ADDED from src/main/AndroidManifest.xml:76:9-52
	android:name
		ADDED from src/main/AndroidManifest.xml:70:9-45
activity#com.umeng.community.example.MainActivity
ADDED from src/main/AndroidManifest.xml:77:9-88:20
	android:label
		ADDED from src/main/AndroidManifest.xml:81:13-45
	android:windowSoftInputMode
		ADDED from src/main/AndroidManifest.xml:82:13-67
	android:configChanges
		ADDED from src/main/AndroidManifest.xml:80:13-63
	android:alwaysRetainTaskState
		ADDED from src/main/AndroidManifest.xml:79:13-49
	android:name
		ADDED from src/main/AndroidManifest.xml:78:13-68
intent-filter#android.intent.action.MAIN+android.intent.category.LAUNCHER
ADDED from src/main/AndroidManifest.xml:83:13-87:29
action#android.intent.action.MAIN
ADDED from src/main/AndroidManifest.xml:84:17-69
	android:name
		ADDED from src/main/AndroidManifest.xml:84:25-66
category#android.intent.category.LAUNCHER
ADDED from src/main/AndroidManifest.xml:86:17-77
	android:name
		ADDED from src/main/AndroidManifest.xml:86:27-74
activity#com.umeng.community.example.custom.CustonLoginActivity
ADDED from src/main/AndroidManifest.xml:90:9-64
	android:name
		ADDED from src/main/AndroidManifest.xml:90:19-61
activity#com.umeng.commm.ui.activities.FindActivity
ADDED from src/main/AndroidManifest.xml:93:9-97:70
	android:screenOrientation
		ADDED from src/main/AndroidManifest.xml:96:13-49
	android:windowSoftInputMode
		ADDED from src/main/AndroidManifest.xml:97:13-67
	android:configChanges
		ADDED from src/main/AndroidManifest.xml:95:13-63
	android:name
		ADDED from src/main/AndroidManifest.xml:94:13-70
activity#com.umeng.commm.ui.activities.UserInfoActivity
ADDED from src/main/AndroidManifest.xml:99:9-102:70
	android:windowSoftInputMode
		ADDED from src/main/AndroidManifest.xml:102:13-67
	android:configChanges
		ADDED from src/main/AndroidManifest.xml:101:13-63
	android:name
		ADDED from src/main/AndroidManifest.xml:100:13-74
activity#com.umeng.commm.ui.activities.TopicActivity
ADDED from src/main/AndroidManifest.xml:104:9-107:70
	android:windowSoftInputMode
		ADDED from src/main/AndroidManifest.xml:107:13-67
	android:configChanges
		ADDED from src/main/AndroidManifest.xml:106:13-63
	android:name
		ADDED from src/main/AndroidManifest.xml:105:13-71
activity#com.umeng.commm.ui.activities.TopicDetailActivity
ADDED from src/main/AndroidManifest.xml:109:9-112:70
	android:windowSoftInputMode
		ADDED from src/main/AndroidManifest.xml:112:13-67
	android:configChanges
		ADDED from src/main/AndroidManifest.xml:111:13-63
	android:name
		ADDED from src/main/AndroidManifest.xml:110:13-77
activity#com.umeng.commm.ui.activities.FeedsActivity
ADDED from src/main/AndroidManifest.xml:114:9-119:70
	android:screenOrientation
		ADDED from src/main/AndroidManifest.xml:118:13-49
	android:windowSoftInputMode
		ADDED from src/main/AndroidManifest.xml:119:13-67
	android:configChanges
		ADDED from src/main/AndroidManifest.xml:117:13-63
	android:alwaysRetainTaskState
		ADDED from src/main/AndroidManifest.xml:116:13-49
	android:name
		ADDED from src/main/AndroidManifest.xml:115:13-71
activity#com.umeng.commm.ui.activities.RelativeUserActivity
ADDED from src/main/AndroidManifest.xml:123:9-127:70
	android:screenOrientation
		ADDED from src/main/AndroidManifest.xml:126:13-49
	android:windowSoftInputMode
		ADDED from src/main/AndroidManifest.xml:127:13-67
	android:configChanges
		ADDED from src/main/AndroidManifest.xml:125:13-63
	android:name
		ADDED from src/main/AndroidManifest.xml:124:13-78
activity#com.umeng.commm.ui.activities.PostFeedActivity
ADDED from src/main/AndroidManifest.xml:129:9-133:79
	android:exported
		ADDED from src/main/AndroidManifest.xml:132:13-36
	android:windowSoftInputMode
		ADDED from src/main/AndroidManifest.xml:133:13-67
	android:configChanges
		ADDED from src/main/AndroidManifest.xml:131:13-63
	android:name
		ADDED from src/main/AndroidManifest.xml:130:13-74
activity#com.umeng.commm.ui.activities.ForwardActivity
ADDED from src/main/AndroidManifest.xml:137:9-140:70
	android:windowSoftInputMode
		ADDED from src/main/AndroidManifest.xml:140:13-67
	android:configChanges
		ADDED from src/main/AndroidManifest.xml:139:13-63
	android:name
		ADDED from src/main/AndroidManifest.xml:138:13-73
activity#com.umeng.commm.ui.activities.SearchActivity
ADDED from src/main/AndroidManifest.xml:143:9-146:70
	android:windowSoftInputMode
		ADDED from src/main/AndroidManifest.xml:146:13-67
	android:configChanges
		ADDED from src/main/AndroidManifest.xml:145:13-63
	android:name
		ADDED from src/main/AndroidManifest.xml:144:13-72
activity#com.umeng.commm.ui.activities.SearchTopicActivity
ADDED from src/main/AndroidManifest.xml:149:9-152:71
	android:windowSoftInputMode
		ADDED from src/main/AndroidManifest.xml:152:13-68
	android:configChanges
		ADDED from src/main/AndroidManifest.xml:151:13-63
	android:name
		ADDED from src/main/AndroidManifest.xml:150:13-77
activity#com.umeng.commm.ui.activities.FeedDetailActivity
ADDED from src/main/AndroidManifest.xml:154:9-158:70
	android:launchMode
		ADDED from src/main/AndroidManifest.xml:157:13-44
	android:windowSoftInputMode
		ADDED from src/main/AndroidManifest.xml:158:13-67
	android:configChanges
		ADDED from src/main/AndroidManifest.xml:156:13-63
	android:name
		ADDED from src/main/AndroidManifest.xml:155:13-76
activity#com.umeng.commm.ui.activities.GuideActivity
ADDED from src/main/AndroidManifest.xml:162:9-166:70
	android:launchMode
		ADDED from src/main/AndroidManifest.xml:165:13-44
	android:windowSoftInputMode
		ADDED from src/main/AndroidManifest.xml:166:13-67
	android:configChanges
		ADDED from src/main/AndroidManifest.xml:164:13-63
	android:name
		ADDED from src/main/AndroidManifest.xml:163:13-71
activity#com.umeng.common.ui.activities.SettingActivity
ADDED from src/main/AndroidManifest.xml:169:9-83
	android:name
		ADDED from src/main/AndroidManifest.xml:169:19-80
activity#com.umeng.community.login.LoginActivity
ADDED from src/main/AndroidManifest.xml:177:9-76
	android:name
		ADDED from src/main/AndroidManifest.xml:177:19-73
activity#com.umeng.common.ui.activities.LoginSimplifyActivity
ADDED from src/main/AndroidManifest.xml:178:9-182:71
	android:screenOrientation
		ADDED from src/main/AndroidManifest.xml:181:13-49
	android:windowSoftInputMode
		ADDED from src/main/AndroidManifest.xml:182:13-68
	android:configChanges
		ADDED from src/main/AndroidManifest.xml:180:13-63
	android:name
		ADDED from src/main/AndroidManifest.xml:179:13-80
activity#com.umeng.common.ui.activities.RegisterActivity
ADDED from src/main/AndroidManifest.xml:183:9-187:71
	android:screenOrientation
		ADDED from src/main/AndroidManifest.xml:186:13-49
	android:windowSoftInputMode
		ADDED from src/main/AndroidManifest.xml:187:13-68
	android:configChanges
		ADDED from src/main/AndroidManifest.xml:185:13-63
	android:name
		ADDED from src/main/AndroidManifest.xml:184:13-75
activity#com.umeng.commm.ui.activities.LocationFeedActivity
ADDED from src/main/AndroidManifest.xml:189:9-87
	android:name
		ADDED from src/main/AndroidManifest.xml:189:19-84
activity#com.umeng.community.login.DefaultLoginActivity
ADDED from src/main/AndroidManifest.xml:191:9-195:71
	android:screenOrientation
		ADDED from src/main/AndroidManifest.xml:194:13-49
	android:windowSoftInputMode
		ADDED from src/main/AndroidManifest.xml:195:13-68
	android:configChanges
		ADDED from src/main/AndroidManifest.xml:193:13-63
	android:name
		ADDED from src/main/AndroidManifest.xml:192:13-74
activity#com.umeng.community.login.RegisterActivity
ADDED from src/main/AndroidManifest.xml:196:9-200:71
	android:screenOrientation
		ADDED from src/main/AndroidManifest.xml:199:13-49
	android:windowSoftInputMode
		ADDED from src/main/AndroidManifest.xml:200:13-68
	android:configChanges
		ADDED from src/main/AndroidManifest.xml:198:13-63
	android:name
		ADDED from src/main/AndroidManifest.xml:197:13-70
activity#com.tencent.tauth.AuthActivity
ADDED from src/main/AndroidManifest.xml:203:9-215:20
	android:launchMode
		ADDED from src/main/AndroidManifest.xml:205:13-44
	android:noHistory
		ADDED from src/main/AndroidManifest.xml:206:13-37
	android:name
		ADDED from src/main/AndroidManifest.xml:204:13-58
intent-filter#android.intent.action.VIEW+android.intent.category.BROWSABLE+android.intent.category.DEFAULT
ADDED from src/main/AndroidManifest.xml:207:13-214:29
action#android.intent.action.VIEW
ADDED from src/main/AndroidManifest.xml:208:17-69
	android:name
		ADDED from src/main/AndroidManifest.xml:208:25-66
category#android.intent.category.DEFAULT
ADDED from src/main/AndroidManifest.xml:210:17-76
	android:name
		ADDED from src/main/AndroidManifest.xml:210:27-73
category#android.intent.category.BROWSABLE
ADDED from src/main/AndroidManifest.xml:211:17-78
	android:name
		ADDED from src/main/AndroidManifest.xml:211:27-75
data
ADDED from src/main/AndroidManifest.xml:213:17-60
	android:scheme
		ADDED from src/main/AndroidManifest.xml:213:23-57
activity#com.tencent.connect.common.AssistActivity
ADDED from src/main/AndroidManifest.xml:216:9-219:75
	android:screenOrientation
		ADDED from src/main/AndroidManifest.xml:218:13-49
	android:theme
		ADDED from src/main/AndroidManifest.xml:219:13-72
	android:name
		ADDED from src/main/AndroidManifest.xml:217:13-69
activity#com.umeng.community.example.wxapi.WXEntryActivity
ADDED from src/main/AndroidManifest.xml:222:9-227:75
	android:screenOrientation
		ADDED from src/main/AndroidManifest.xml:226:13-49
	android:exported
		ADDED from src/main/AndroidManifest.xml:225:13-36
	android:configChanges
		ADDED from src/main/AndroidManifest.xml:224:13-74
	android:theme
		ADDED from src/main/AndroidManifest.xml:227:13-72
	android:name
		ADDED from src/main/AndroidManifest.xml:223:13-50
activity#com.umeng.common.ui.activities.AlbumActivity
ADDED from src/main/AndroidManifest.xml:228:9-81
	android:name
		ADDED from src/main/AndroidManifest.xml:228:19-78
activity#com.umeng.commm.ui.activities.FollowedTopicActivity
ADDED from src/main/AndroidManifest.xml:230:9-88
	android:name
		ADDED from src/main/AndroidManifest.xml:230:19-85
activity#com.umeng.comm.ui.activities.FollowedTopicActivity
ADDED from src/main/AndroidManifest.xml:231:9-87
	android:name
		ADDED from src/main/AndroidManifest.xml:231:19-84
activity#com.umeng.commm.ui.activities.NotificationActivity
ADDED from src/main/AndroidManifest.xml:232:9-87
	android:name
		ADDED from src/main/AndroidManifest.xml:232:19-84
activity#com.umeng.comm.ui.activities.NotificationActivity
ADDED from src/main/AndroidManifest.xml:233:9-86
	android:name
		ADDED from src/main/AndroidManifest.xml:233:19-83
activity#com.umeng.commm.ui.activities.NewMsgActivity
ADDED from src/main/AndroidManifest.xml:234:9-81
	android:name
		ADDED from src/main/AndroidManifest.xml:234:19-78
activity#com.umeng.comm.ui.activities.NewMsgActivity
ADDED from src/main/AndroidManifest.xml:235:9-80
	android:name
		ADDED from src/main/AndroidManifest.xml:235:19-77
activity#com.umeng.common.ui.imagepicker.PhotoSelectorActivity
ADDED from src/main/AndroidManifest.xml:239:9-90
	android:name
		ADDED from src/main/AndroidManifest.xml:239:19-87
activity#com.umeng.common.ui.imagepicker.PhotoPreviewActivity
ADDED from src/main/AndroidManifest.xml:240:9-89
	android:name
		ADDED from src/main/AndroidManifest.xml:240:19-86
activity#com.umeng.common.ui.activities.MessageChatActivity
ADDED from src/main/AndroidManifest.xml:241:9-243:58
	android:windowSoftInputMode
		ADDED from src/main/AndroidManifest.xml:243:13-55
	android:name
		ADDED from src/main/AndroidManifest.xml:242:13-78
activity#com.umeng.community.example.WBShareActivity
ADDED from src/main/AndroidManifest.xml:244:9-252:20
	android:screenOrientation
		ADDED from src/main/AndroidManifest.xml:247:13-49
	android:configChanges
		ADDED from src/main/AndroidManifest.xml:246:13-63
	android:name
		ADDED from src/main/AndroidManifest.xml:245:13-44
intent-filter#android.intent.category.DEFAULT+com.sina.weibo.sdk.action.ACTION_SDK_REQ_ACTIVITY
ADDED from src/main/AndroidManifest.xml:248:13-251:29
action#com.sina.weibo.sdk.action.ACTION_SDK_REQ_ACTIVITY
ADDED from src/main/AndroidManifest.xml:249:17-92
	android:name
		ADDED from src/main/AndroidManifest.xml:249:25-89
activity#com.sina.weibo.sdk.component.WeiboSdkBrowser
ADDED from src/main/AndroidManifest.xml:253:9-258:20
	android:exported
		ADDED from src/main/AndroidManifest.xml:257:13-37
	android:windowSoftInputMode
		ADDED from src/main/AndroidManifest.xml:256:13-55
	android:configChanges
		ADDED from src/main/AndroidManifest.xml:255:13-63
	android:name
		ADDED from src/main/AndroidManifest.xml:254:13-72
service#com.sina.weibo.sdk.net.DownloadService
ADDED from src/main/AndroidManifest.xml:259:9-260:48
	android:exported
		ADDED from src/main/AndroidManifest.xml:260:13-37
	android:name
		ADDED from src/main/AndroidManifest.xml:259:18-71
meta-data#UMENG_APPKEY
ADDED from src/main/AndroidManifest.xml:262:9-264:66
	android:value
		ADDED from src/main/AndroidManifest.xml:264:13-53
	android:name
		ADDED from src/main/AndroidManifest.xml:263:13-40
meta-data#UMENG_MESSAGE_SECRET
ADDED from src/main/AndroidManifest.xml:265:9-267:74
	android:value
		ADDED from src/main/AndroidManifest.xml:267:13-61
	android:name
		ADDED from src/main/AndroidManifest.xml:266:13-48
meta-data#com.amap.api.v2.apikey
ADDED from src/main/AndroidManifest.xml:269:9-271:64
	android:value
		ADDED from src/main/AndroidManifest.xml:271:13-61
	android:name
		ADDED from src/main/AndroidManifest.xml:270:13-50
activity#com.umeng.common.ui.activities.BrowserActivity
ADDED from src/main/AndroidManifest.xml:274:9-276:77
	android:configChanges
		ADDED from src/main/AndroidManifest.xml:276:13-74
	android:name
		ADDED from src/main/AndroidManifest.xml:275:13-74
receiver#com.umeng.message.NotificationProxyBroadcastReceiver
ADDED from src/main/AndroidManifest.xml:279:9-281:49
	android:exported
		ADDED from src/main/AndroidManifest.xml:281:13-37
	android:name
		ADDED from src/main/AndroidManifest.xml:280:13-80
receiver#com.umeng.message.SystemReceiver
ADDED from src/main/AndroidManifest.xml:282:9-296:20
	android:process
		ADDED from src/main/AndroidManifest.xml:284:13-36
	android:name
		ADDED from src/main/AndroidManifest.xml:283:13-60
intent-filter#android.intent.action.BOOT_COMPLETED
ADDED from src/main/AndroidManifest.xml:285:13-287:29
action#android.intent.action.BOOT_COMPLETED
ADDED from src/main/AndroidManifest.xml:286:17-79
	android:name
		ADDED from src/main/AndroidManifest.xml:286:25-76
intent-filter#android.net.conn.CONNECTIVITY_CHANGE
ADDED from src/main/AndroidManifest.xml:288:13-290:29
action#android.net.conn.CONNECTIVITY_CHANGE
ADDED from src/main/AndroidManifest.xml:289:17-79
	android:name
		ADDED from src/main/AndroidManifest.xml:289:25-76
intent-filter#android.intent.action.PACKAGE_REMOVED
ADDED from src/main/AndroidManifest.xml:291:13-295:29
action#android.intent.action.PACKAGE_REMOVED
ADDED from src/main/AndroidManifest.xml:292:17-80
	android:name
		ADDED from src/main/AndroidManifest.xml:292:25-77
receiver#com.umeng.message.MessageReceiver
ADDED from src/main/AndroidManifest.xml:297:9-304:20
	android:process
		ADDED from src/main/AndroidManifest.xml:300:13-36
	android:exported
		ADDED from src/main/AndroidManifest.xml:299:13-37
	android:name
		ADDED from src/main/AndroidManifest.xml:298:13-61
intent-filter#org.agoo.android.intent.action.RECEIVE
ADDED from src/main/AndroidManifest.xml:301:13-303:29
action#org.agoo.android.intent.action.RECEIVE
ADDED from src/main/AndroidManifest.xml:302:17-81
	android:name
		ADDED from src/main/AndroidManifest.xml:302:25-78
receiver#com.umeng.message.ElectionReceiver
ADDED from src/main/AndroidManifest.xml:305:9-313:20
	android:process
		ADDED from src/main/AndroidManifest.xml:307:13-36
	android:name
		ADDED from src/main/AndroidManifest.xml:306:13-62
intent-filter#org.agoo.android.intent.action.ELECTION_RESULT_V4+umeng
ADDED from src/main/AndroidManifest.xml:308:13-312:29
action#org.agoo.android.intent.action.ELECTION_RESULT_V4
ADDED from src/main/AndroidManifest.xml:309:17-92
	android:name
		ADDED from src/main/AndroidManifest.xml:309:25-89
category#umeng
ADDED from src/main/AndroidManifest.xml:311:17-50
	android:name
		ADDED from src/main/AndroidManifest.xml:311:27-47
receiver#com.umeng.message.RegistrationReceiver
ADDED from src/main/AndroidManifest.xml:314:9-320:20
	android:exported
		ADDED from src/main/AndroidManifest.xml:316:13-37
	android:name
		ADDED from src/main/AndroidManifest.xml:315:13-66
intent-filter#com.umeng.community.example.intent.action.COMMAND
ADDED from src/main/AndroidManifest.xml:317:13-319:29
action#com.umeng.community.example.intent.action.COMMAND
ADDED from src/main/AndroidManifest.xml:318:17-92
	android:name
		ADDED from src/main/AndroidManifest.xml:318:25-89
receiver#com.umeng.message.UmengMessageBootReceiver
ADDED from src/main/AndroidManifest.xml:321:9-325:20
	android:name
		ADDED from src/main/AndroidManifest.xml:321:19-76
service#com.umeng.message.UmengService
ADDED from src/main/AndroidManifest.xml:327:9-343:19
	android:process
		ADDED from src/main/AndroidManifest.xml:331:13-36
	android:label
		ADDED from src/main/AndroidManifest.xml:330:13-40
	android:exported
		ADDED from src/main/AndroidManifest.xml:329:13-36
	android:name
		ADDED from src/main/AndroidManifest.xml:328:13-58
intent-filter#com.umeng.community.example.intent.action.START
ADDED from src/main/AndroidManifest.xml:332:13-334:29
action#com.umeng.community.example.intent.action.START
ADDED from src/main/AndroidManifest.xml:333:17-90
	android:name
		ADDED from src/main/AndroidManifest.xml:333:25-87
intent-filter#com.umeng.community.example.intent.action.COCKROACH
ADDED from src/main/AndroidManifest.xml:335:13-337:29
action#com.umeng.community.example.intent.action.COCKROACH
ADDED from src/main/AndroidManifest.xml:336:17-94
	android:name
		ADDED from src/main/AndroidManifest.xml:336:25-91
intent-filter#org.agoo.android.intent.action.PING_V4+umeng
ADDED from src/main/AndroidManifest.xml:338:13-342:29
action#org.agoo.android.intent.action.PING_V4
ADDED from src/main/AndroidManifest.xml:339:17-81
	android:name
		ADDED from src/main/AndroidManifest.xml:339:25-78
service#com.umeng.message.UmengIntentService
ADDED from src/main/AndroidManifest.xml:344:9-346:39
	android:process
		ADDED from src/main/AndroidManifest.xml:346:13-36
	android:name
		ADDED from src/main/AndroidManifest.xml:345:13-64
service#com.umeng.message.UmengMessageIntentReceiverService
ADDED from src/main/AndroidManifest.xml:347:9-357:19
	android:process
		ADDED from src/main/AndroidManifest.xml:350:13-36
	android:exported
		ADDED from src/main/AndroidManifest.xml:349:13-36
	android:name
		ADDED from src/main/AndroidManifest.xml:348:13-79
intent-filter#org.android.agoo.client.MessageReceiverService
ADDED from src/main/AndroidManifest.xml:351:13-353:29
action#org.android.agoo.client.MessageReceiverService
ADDED from src/main/AndroidManifest.xml:352:17-89
	android:name
		ADDED from src/main/AndroidManifest.xml:352:25-86
intent-filter#org.android.agoo.client.ElectionReceiverService
ADDED from src/main/AndroidManifest.xml:354:13-356:29
action#org.android.agoo.client.ElectionReceiverService
ADDED from src/main/AndroidManifest.xml:355:17-90
	android:name
		ADDED from src/main/AndroidManifest.xml:355:25-87
service#com.umeng.message.UmengMessageCallbackHandlerService
ADDED from src/main/AndroidManifest.xml:358:9-373:19
	android:exported
		ADDED from src/main/AndroidManifest.xml:360:13-37
	android:name
		ADDED from src/main/AndroidManifest.xml:359:13-80
intent-filter#com.umeng.messge.registercallback.action
ADDED from src/main/AndroidManifest.xml:361:13-363:29
action#com.umeng.messge.registercallback.action
ADDED from src/main/AndroidManifest.xml:362:17-83
	android:name
		ADDED from src/main/AndroidManifest.xml:362:25-80
intent-filter#com.umeng.message.unregistercallback.action
ADDED from src/main/AndroidManifest.xml:364:13-366:29
action#com.umeng.message.unregistercallback.action
ADDED from src/main/AndroidManifest.xml:365:17-86
	android:name
		ADDED from src/main/AndroidManifest.xml:365:25-83
intent-filter#com.umeng.message.message.handler.action
ADDED from src/main/AndroidManifest.xml:367:13-369:29
action#com.umeng.message.message.handler.action
ADDED from src/main/AndroidManifest.xml:368:17-83
	android:name
		ADDED from src/main/AndroidManifest.xml:368:25-80
intent-filter#com.umeng.message.autoupdate.handler.action
ADDED from src/main/AndroidManifest.xml:370:13-372:29
action#com.umeng.message.autoupdate.handler.action
ADDED from src/main/AndroidManifest.xml:371:17-86
	android:name
		ADDED from src/main/AndroidManifest.xml:371:25-83
service#com.umeng.message.UmengDownloadResourceService
ADDED from src/main/AndroidManifest.xml:376:9-378:40
	android:exported
		ADDED from src/main/AndroidManifest.xml:378:13-37
	android:name
		ADDED from src/main/AndroidManifest.xml:377:13-74
service#com.umeng.message.local.UmengLocalNotificationService
ADDED from src/main/AndroidManifest.xml:379:9-381:40
	android:exported
		ADDED from src/main/AndroidManifest.xml:381:13-37
	android:name
		ADDED from src/main/AndroidManifest.xml:380:13-81